<?xml version="1.0" encoding="UTF-8"?>
<!-- Generated by org.testng.reporters.JUnitXMLReporter -->
<testsuite ignored="0" hostname="Sayali" failures="0" tests="4" name="Test" time="23.942" errors="0" timestamp="2023-04-05T12:17:55 IST">
  <testcase classname="runtt.runtt.TTC" name="test1" time="6.339"/>
  <testcase classname="runtt.runtt.TTC" name="test2" time="3.616"/>
  <testcase classname="runtt.runtt.TTC" name="test3" time="3.106"/>
  <testcase classname="runtt.runtt.TTC" name="test4" time="0.113"/>
</testsuite> <!-- Test -->
