<?xml version="1.0" encoding="UTF-8"?>
<!-- Generated by org.testng.reporters.JUnitXMLReporter -->
<testsuite ignored="0" hostname="Sayali" failures="0" tests="4" name="Default test" time="18.38" errors="0" timestamp="2023-04-05T12:16:58 IST">
  <testcase classname="runtt.runtt.TTC" name="test1" time="6.316"/>
  <testcase classname="runtt.runtt.TTC" name="test2" time="3.564"/>
  <testcase classname="runtt.runtt.TTC" name="test3" time="3.139"/>
  <testcase classname="runtt.runtt.TTC" name="test4" time="0.13"/>
</testsuite> <!-- Default test -->
