<?xml version="1.0" encoding="UTF-8"?>
<testng-results ignored="0" total="4" passed="4" failed="0" skipped="0">
  <reporter-output>
  </reporter-output>
  <suite started-at="2023-04-05T12:17:31 IST" name="Suite" finished-at="2023-04-05T12:17:55 IST" duration-ms="23942">
    <groups>
    </groups>
    <test started-at="2023-04-05T12:17:31 IST" name="Test" finished-at="2023-04-05T12:17:55 IST" duration-ms="23942">
      <class name="runtt.runtt.TTC">
        <test-method is-config="true" signature="loginTT()[pri:0, instance:runtt.runtt.TTC@535b8c24]" started-at="2023-04-05T12:17:31 IST" name="loginTT" finished-at="2023-04-05T12:17:41 IST" duration-ms="10276" status="PASS">
          <reporter-output>
          </reporter-output>
        </test-method> <!-- loginTT -->
        <test-method signature="test1()[pri:1, instance:runtt.runtt.TTC@535b8c24]" started-at="2023-04-05T12:17:41 IST" name="test1" finished-at="2023-04-05T12:17:47 IST" duration-ms="6339" status="PASS">
          <reporter-output>
          </reporter-output>
        </test-method> <!-- test1 -->
        <test-method signature="test2()[pri:2, instance:runtt.runtt.TTC@535b8c24]" started-at="2023-04-05T12:17:47 IST" name="test2" finished-at="2023-04-05T12:17:51 IST" duration-ms="3616" status="PASS">
          <reporter-output>
          </reporter-output>
        </test-method> <!-- test2 -->
        <test-method signature="test3()[pri:3, instance:runtt.runtt.TTC@535b8c24]" started-at="2023-04-05T12:17:51 IST" name="test3" finished-at="2023-04-05T12:17:54 IST" duration-ms="3106" status="PASS">
          <reporter-output>
          </reporter-output>
        </test-method> <!-- test3 -->
        <test-method signature="test4()[pri:4, instance:runtt.runtt.TTC@535b8c24]" started-at="2023-04-05T12:17:54 IST" name="test4" finished-at="2023-04-05T12:17:54 IST" duration-ms="113" status="PASS">
          <reporter-output>
          </reporter-output>
        </test-method> <!-- test4 -->
        <test-method is-config="true" signature="teardown()[pri:0, instance:runtt.runtt.TTC@535b8c24]" started-at="2023-04-05T12:17:54 IST" name="teardown" finished-at="2023-04-05T12:17:55 IST" duration-ms="325" status="PASS">
          <reporter-output>
          </reporter-output>
        </test-method> <!-- teardown -->
      </class> <!-- runtt.runtt.TTC -->
    </test> <!-- Test -->
  </suite> <!-- Suite -->
</testng-results>
